{"/home/geovannijda/Documentos/dev/finfolk/src/lib/utils.ts": {"path":"/home/geovannijda/Documentos/dev/finfolk/src/lib/utils.ts","statementMap":{"0":{"start":{"line":5,"column":2},"end":{"line":5,"column":null}},"1":{"start":{"line":9,"column":2},"end":{"line":9,"column":null}},"2":{"start":{"line":15,"column":8},"end":{"line":15,"column":32}},"3":{"start":{"line":16,"column":8},"end":{"line":16,"column":49}},"4":{"start":{"line":17,"column":2},"end":{"line":17,"column":null}},"5":{"start":{"line":21,"column":2},"end":{"line":21,"column":null}},"6":{"start":{"line":25,"column":2},"end":{"line":25,"column":null}},"7":{"start":{"line":25,"column":41},"end":{"line":25,"column":100}}},"fnMap":{"0":{"name":"cn","decl":{"start":{"line":4,"column":16},"end":{"line":4,"column":19}},"loc":{"start":{"line":4,"column":44},"end":{"line":5,"column":null}},"line":4},"1":{"name":"formatCurrency","decl":{"start":{"line":8,"column":16},"end":{"line":8,"column":31}},"loc":{"start":{"line":8,"column":90},"end":{"line":9,"column":null}},"line":8},"2":{"name":"isDueSoon","decl":{"start":{"line":14,"column":16},"end":{"line":14,"column":26}},"loc":{"start":{"line":14,"column":71},"end":{"line":17,"column":null}},"line":14},"3":{"name":"isOverdue","decl":{"start":{"line":20,"column":16},"end":{"line":20,"column":26}},"loc":{"start":{"line":20,"column":52},"end":{"line":21,"column":null}},"line":20},"4":{"name":"calculateNetBalance","decl":{"start":{"line":24,"column":16},"end":{"line":24,"column":36}},"loc":{"start":{"line":24,"column":111},"end":{"line":25,"column":null}},"line":24},"5":{"name":"(anonymous_5)","decl":{"start":{"line":25,"column":22},"end":{"line":25,"column":30}},"loc":{"start":{"line":25,"column":41},"end":{"line":25,"column":100}},"line":25}},"branchMap":{"0":{"loc":{"start":{"line":8,"column":46},"end":{"line":8,"column":64}},"type":"default-arg","locations":[{"start":{"line":8,"column":55},"end":{"line":8,"column":64}}],"line":8},"1":{"loc":{"start":{"line":8,"column":64},"end":{"line":8,"column":90}},"type":"default-arg","locations":[{"start":{"line":8,"column":75},"end":{"line":8,"column":90}}],"line":8},"2":{"loc":{"start":{"line":14,"column":43},"end":{"line":14,"column":71}},"type":"default-arg","locations":[{"start":{"line":14,"column":59},"end":{"line":14,"column":71}}],"line":14},"3":{"loc":{"start":{"line":17,"column":9},"end":{"line":17,"column":null}},"type":"binary-expr","locations":[{"start":{"line":17,"column":9},"end":{"line":17,"column":34}},{"start":{"line":17,"column":34},"end":{"line":17,"column":null}}],"line":17},"4":{"loc":{"start":{"line":25,"column":41},"end":{"line":25,"column":100}},"type":"cond-expr","locations":[{"start":{"line":25,"column":67},"end":{"line":25,"column":84}},{"start":{"line":25,"column":84},"end":{"line":25,"column":100}}],"line":25}},"s":{"0":0,"1":6,"2":3,"3":3,"4":3,"5":3,"6":4,"7":8},"f":{"0":0,"1":6,"2":3,"3":3,"4":4,"5":8},"b":{"0":[6],"1":[6],"2":[3],"3":[3,2],"4":[4,4]},"meta":{"lastBranch":5,"lastFunction":6,"lastStatement":8,"seen":{"f:4:16:4:19":0,"s:5:2:5:Infinity":0,"f:8:16:8:31":1,"b:8:55:8:64":0,"b:8:75:8:90":1,"s:9:2:9:Infinity":1,"f:14:16:14:26":2,"b:14:59:14:71":2,"s:15:8:15:32":2,"s:16:8:16:49":3,"s:17:2:17:Infinity":4,"b:17:9:17:34:17:34:17:Infinity":3,"f:20:16:20:26":3,"s:21:2:21:Infinity":5,"f:24:16:24:36":4,"s:25:2:25:Infinity":6,"f:25:22:25:30":5,"s:25:41:25:100":7,"b:25:67:25:84:25:84:25:100":4}}}
}
